<?xml version="1.0" encoding="UTF-8"?>
<!-- Generated by org.testng.reporters.JUnitReportReporter -->
<testsuite hostname="DESKTOP-GPUV1LR" failures="0" tests="1" name="com.automationcode_4thmarch_2023.Leraning_How_to_identify_WebElement" time="4.487" errors="0" timestamp="2023-10-02T21:11:20 EDT" skipped="0">
  <testcase classname="com.automationcode_4thmarch_2023.Leraning_How_to_identify_WebElement" name="understandingWebElementsRedifflogin" time="4.487"/>
</testsuite> <!-- com.automationcode_4thmarch_2023.Leraning_How_to_identify_WebElement -->
