<?xml version="1.0" encoding="UTF-8"?>
<!-- Generated by org.testng.reporters.JUnitReportReporter -->
<testsuite hostname="DESKTOP-GPUV1LR" failures="0" tests="7" name="invocationCountUse" time="0.060" errors="0" timestamp="2023-10-10T12:03:12 EDT" skipped="0">
  <testcase classname="invocationCountUse" name="sample1" time="0.015"/>
  <testcase classname="invocationCountUse" name="sample2" time="0.004"/>
  <testcase classname="invocationCountUse" name="sample3" time="0.004"/>
  <testcase classname="invocationCountUse" name="sample3" time="0.012"/>
  <testcase classname="invocationCountUse" name="sample3" time="0.011"/>
  <testcase classname="invocationCountUse" name="sample3" time="0.008"/>
  <testcase classname="invocationCountUse" name="sample3" time="0.006"/>
</testsuite> <!-- invocationCountUse -->
