<?xml version="1.0" encoding="UTF-8"?>
<!-- Generated by org.testng.reporters.JUnitReportReporter -->
<testsuite hostname="DESKTOP-GPUV1LR" failures="0" tests="2" name="learningtestNG.TestNG_Atomation" time="0.036" errors="0" timestamp="2023-09-15T18:54:30 EDT" skipped="0">
  <testcase classname="learningtestNG.TestNG_Atomation" name="testcase1Annotation" time="0.030"/>
  <testcase classname="learningtestNG.TestNG_Atomation" name="testcase2Annotation" time="0.006"/>
</testsuite> <!-- learningtestNG.TestNG_Atomation -->
