<?xml version="1.0" encoding="UTF-8"?>
<!-- Generated by org.testng.reporters.JUnitReportReporter -->
<testsuite hostname="DESKTOP-GPUV1LR" failures="0" tests="1" name="TN_Register" time="8.583" errors="0" timestamp="2023-10-10T20:24:59 EDT" skipped="0">
  <testcase classname="TN_Register" name="registerPage" time="8.583"/>
</testsuite> <!-- TN_Register -->
